Currently no running processors
There are no running instances of test
Either the simulations have finished or   
they have crashed

The job probably finished early used resources
are below threshold
Value in gb: 0.0
Threshold in gb: 8.0

Currently no running processors
There are no running instances of test
Either the simulations have finished or   
they have crashed

The job probably finished early used resources
are below threshold
Value in gb: 0.0
Threshold in gb: 8.0

0
0
2
0
Total Available Memory allowed to use in gb 8.0
Total Memory used in gb 0.0
Total Memory used per process in m 0.0
Average Mean Memory used over time m 0.0
Largest amount of Memory allocated in m 0.0
Smallest amount of Memory allocated in m 0.0
Largest difference in Memory allocated m 0.0
Total processors currently running: 1
It's a go
Launching processor: 2

0
0
2
0
Total Available Memory allowed to use in gb 8.0
Total Memory used in gb 0.0
Total Memory used per process in m 0.0
Average Mean Memory used over time m 0.0
Largest amount of Memory allocated in m 0.0
Smallest amount of Memory allocated in m 0.0
Largest difference in Memory allocated m 0.0
Total processors currently running: 1
It's a go
Launching processor: 2

